<!DOCTYPE html PUBLIC "-//W3C//DTD XHTML 1.0 Transitional//EN" "http://www.w3.org/TR/xhtml1/DTD/xhtml1-transitional.dtd">
<!-- Generated by Apache Maven Doxia Site Renderer 1.8.1 from org.apache.maven.plugins:maven-surefire-report-plugin:3.0.0-M4:report at 2022-10-31 -->
<html xmlns="http://www.w3.org/1999/xhtml" xml:lang="en" lang="en">
  <head>
    <meta http-equiv="Content-Type" content="text/html; charset=UTF-8" />
    <title>firstProject &#x2013; Surefire Report</title>
    <style type="text/css" media="all">
      @import url("./css/maven-base.css");
      @import url("./css/maven-theme.css");
      @import url("./css/site.css");
    </style>
    <link rel="stylesheet" href="./css/print.css" type="text/css" media="print" />
    <meta http-equiv="Content-Language" content="en" />
    
  </head>
  <body class="composite">
    <div id="banner">
<div id="bannerLeft">
firstProject
</div>
      <div class="clear">
        <hr/>
      </div>
    </div>
    <div id="breadcrumbs">
      <div class="xleft">
        <span id="publishDate">Last Published: 2022-10-31</span>
          &nbsp;| <span id="projectVersion">Version: 1.0-SNAPSHOT</span>
      </div>
      <div class="xright"><a href="./" title="firstProject">firstProject</a>      </div>
      <div class="clear">
        <hr/>
      </div>
    </div>
    <div id="leftColumn">
      <div id="navcolumn">
       <h5>Project Documentation</h5>
    <ul>
     <li class="collapsed"><a href="project-info.html" title="Project Information">Project Information</a></li>
     <li class="expanded"><a href="project-reports.html" title="Project Reports">Project Reports</a>
      <ul>
       <li class="none"><strong>Surefire Report</strong></li>
      </ul></li>
    </ul>
      <a href="http://maven.apache.org/" title="Built by Maven" class="poweredBy">
        <img class="poweredBy" alt="Built by Maven" src="./images/logos/maven-feather.png" />
      </a>
      </div>
    </div>
    <div id="bodyColumn">
      <div id="contentBox">
<script type="application/javascript">
//<![CDATA[
function toggleDisplay(elementId) {
 var elm = document.getElementById(elementId + '-error');
 if (elm == null) {
  elm = document.getElementById(elementId + '-failure');
 }
 if (elm && typeof elm.style != "undefined") {
  if (elm.style.display == "none") {
   elm.style.display = "";
   document.getElementById(elementId + '-off').style.display = "none";
   document.getElementById(elementId + '-on').style.display = "inline";
  } else if (elm.style.display == "") {   elm.style.display = "none";
   document.getElementById(elementId + '-off').style.display = "inline";
   document.getElementById(elementId + '-on').style.display = "none";
  } 
 } 
 }
//]]>
</script>
<div class="section">
<h2><a name="Surefire_Report"></a>Surefire Report</h2></div>
<div class="section">
<h2><a name="Summary"></a>Summary</h2><a name="Summary"></a>
<p>[<a href="#Summary">Summary</a>] [<a href="#Package_List">Package List</a>] [<a href="#Test_Cases">Test Cases</a>]</p><br />
<table border="1" class="bodyTable">
<tr class="a">
<th>Tests</th>
<th>Errors</th>
<th>Failures</th>
<th>Skipped</th>
<th>Success Rate</th>
<th>Time</th></tr>
<tr class="b">
<td>9</td>
<td>2</td>
<td>0</td>
<td>0</td>
<td>77.778%</td>
<td>214.197</td></tr></table><br />
<p>Note: failures are anticipated and checked for with assertions while errors are unanticipated.</p><br /></div>
<div class="section">
<h2><a name="Package_List"></a>Package List</h2><a name="Package_List"></a>
<p>[<a href="#Summary">Summary</a>] [<a href="#Package_List">Package List</a>] [<a href="#Test_Cases">Test Cases</a>]</p><br />
<table border="1" class="bodyTable">
<tr class="a">
<th>Package</th>
<th>Tests</th>
<th>Errors</th>
<th>Failures</th>
<th>Skipped</th>
<th>Success Rate</th>
<th>Time</th></tr>
<tr class="b">
<td><a href="#farfetch">farfetch</a></td>
<td>7</td>
<td>2</td>
<td>0</td>
<td>0</td>
<td>71.429%</td>
<td>204.416</td></tr>
<tr class="a">
<td><a href="#way2automation">way2automation</a></td>
<td>1</td>
<td>0</td>
<td>0</td>
<td>0</td>
<td>100%</td>
<td>9.758</td></tr>
<tr class="b">
<td><a href="#triangle">triangle</a></td>
<td>1</td>
<td>0</td>
<td>0</td>
<td>0</td>
<td>100%</td>
<td>0.023</td></tr></table><br />
<p>Note: package statistics are not computed recursively, they only sum up all of its testsuites numbers.</p>
<div class="section">
<h3><a name="farfetch"></a>farfetch</h3><a name="farfetch"></a>
<table border="1" class="bodyTable">
<tr class="a">
<th></th>
<th>Class</th>
<th>Tests</th>
<th>Errors</th>
<th>Failures</th>
<th>Skipped</th>
<th>Success Rate</th>
<th>Time</th></tr>
<tr class="b">
<td><a href="#farfetch.FarfetchTest"><img src="images/icon_success_sml.gif" alt="" /></a></td>
<td><a href="#farfetch.FarfetchTest">FarfetchTest</a></td>
<td>2</td>
<td>0</td>
<td>0</td>
<td>0</td>
<td>100%</td>
<td>93.294</td></tr>
<tr class="a">
<td><a href="#farfetch.SignUpTest"><img src="images/icon_success_sml.gif" alt="" /></a></td>
<td><a href="#farfetch.SignUpTest">SignUpTest</a></td>
<td>1</td>
<td>0</td>
<td>0</td>
<td>0</td>
<td>100%</td>
<td>21.195</td></tr>
<tr class="b">
<td><a href="#farfetch.AddToWishListTest"><img src="images/icon_error_sml.gif" alt="" /></a></td>
<td><a href="#farfetch.AddToWishListTest">AddToWishListTest</a></td>
<td>1</td>
<td>1</td>
<td>0</td>
<td>0</td>
<td>0%</td>
<td>14.431</td></tr>
<tr class="a">
<td><a href="#farfetch.LogInTest"><img src="images/icon_error_sml.gif" alt="" /></a></td>
<td><a href="#farfetch.LogInTest">LogInTest</a></td>
<td>2</td>
<td>1</td>
<td>0</td>
<td>0</td>
<td>50%</td>
<td>49.784</td></tr>
<tr class="b">
<td><a href="#farfetch.ChangeRegionTest"><img src="images/icon_success_sml.gif" alt="" /></a></td>
<td><a href="#farfetch.ChangeRegionTest">ChangeRegionTest</a></td>
<td>1</td>
<td>0</td>
<td>0</td>
<td>0</td>
<td>100%</td>
<td>25.712</td></tr></table></div>
<div class="section">
<h3><a name="way2automation"></a>way2automation</h3><a name="way2automation"></a>
<table border="1" class="bodyTable">
<tr class="a">
<th></th>
<th>Class</th>
<th>Tests</th>
<th>Errors</th>
<th>Failures</th>
<th>Skipped</th>
<th>Success Rate</th>
<th>Time</th></tr>
<tr class="b">
<td><a href="#way2automation.WayTest"><img src="images/icon_success_sml.gif" alt="" /></a></td>
<td><a href="#way2automation.WayTest">WayTest</a></td>
<td>1</td>
<td>0</td>
<td>0</td>
<td>0</td>
<td>100%</td>
<td>9.758</td></tr></table></div>
<div class="section">
<h3><a name="triangle"></a>triangle</h3><a name="triangle"></a>
<table border="1" class="bodyTable">
<tr class="a">
<th></th>
<th>Class</th>
<th>Tests</th>
<th>Errors</th>
<th>Failures</th>
<th>Skipped</th>
<th>Success Rate</th>
<th>Time</th></tr>
<tr class="b">
<td><a href="#triangle.TriangleTest"><img src="images/icon_success_sml.gif" alt="" /></a></td>
<td><a href="#triangle.TriangleTest">TriangleTest</a></td>
<td>1</td>
<td>0</td>
<td>0</td>
<td>0</td>
<td>100%</td>
<td>0.023</td></tr></table></div><br /></div>
<div class="section">
<h2><a name="Test_Cases"></a>Test Cases</h2><a name="Test_Cases"></a>
<p>[<a href="#Summary">Summary</a>] [<a href="#Package_List">Package List</a>] [<a href="#Test_Cases">Test Cases</a>]</p>
<div class="section">
<h3><a name="WayTest"></a>WayTest</h3><a name="way2automation.WayTest"></a>
<table border="1" class="bodyTable">
<tr class="a">
<td><img src="images/icon_success_sml.gif" alt="" /></td>
<td><a name="TC_way2automation.WayTest.createUser"></a>createUser</td>
<td>9.699</td></tr></table></div>
<div class="section">
<h3><a name="FarfetchTest"></a>FarfetchTest</h3><a name="farfetch.FarfetchTest"></a>
<table border="1" class="bodyTable">
<tr class="a">
<td><img src="images/icon_success_sml.gif" alt="" /></td>
<td><a name="TC_farfetch.FarfetchTest.addToCart"></a>addToCart</td>
<td>41.217</td></tr>
<tr class="b">
<td><img src="images/icon_success_sml.gif" alt="" /></td>
<td><a name="TC_farfetch.FarfetchTest.deleteFromCart"></a>deleteFromCart</td>
<td>52.075</td></tr></table></div>
<div class="section">
<h3><a name="SignUpTest"></a>SignUpTest</h3><a name="farfetch.SignUpTest"></a>
<table border="1" class="bodyTable">
<tr class="a">
<td><img src="images/icon_success_sml.gif" alt="" /></td>
<td><a name="TC_farfetch.SignUpTest.signUp"></a>signUp</td>
<td>21.194</td></tr></table></div>
<div class="section">
<h3><a name="TriangleTest"></a>TriangleTest</h3><a name="triangle.TriangleTest"></a>
<table border="1" class="bodyTable">
<tr class="a">
<td><img src="images/icon_success_sml.gif" alt="" /></td>
<td><a name="TC_triangle.TriangleTest.findArea"></a>findArea</td>
<td>0.023</td></tr></table></div>
<div class="section">
<h3><a name="AddToWishListTest"></a>AddToWishListTest</h3><a name="farfetch.AddToWishListTest"></a>
<table border="1" class="bodyTable">
<tr class="a">
<td><a href="#farfetch.AddToWishListTest.addToWishList"><img src="images/icon_error_sml.gif" alt="" /></a></td>
<td><a name="TC_farfetch.AddToWishListTest.addToWishList"></a><a href="#farfetch.AddToWishListTest.addToWishList">addToWishList</a>
<div class="detailToggle" style="display:inline"><a href="javascript:toggleDisplay('farfetch.AddToWishListTest.addToWishList');"><span style="display:inline;" id="farfetch.AddToWishListTest.addToWishList-off"> + </span><span style="display:none;" id="farfetch.AddToWishListTest.addToWishList-on"> - </span>[ Detail ]</a></div></td>
<td>14.421</td></tr>
<tr class="b">
<td></td>
<td></td>
<td></td></tr>
<tr class="a">
<td></td>
<td>
<div id="farfetch.AddToWishListTest.addToWishList-error" style="display:none;">
<div>
<pre>org.openqa.selenium.ElementClickInterceptedException: 
element click intercepted: Element is not clickable at point (343, 668)
  (Session info: chrome=106.0.5249.119)
Build info: version: '4.5.2', revision: '702c64f787c'
System info: os.name: 'Mac OS X', os.arch: 'x86_64', os.version: '12.6', java.version: '19'
Driver info: org.openqa.selenium.chrome.ChromeDriver
Command: [32f885c5aa5efc61bb431e76ab571cb4, clickElement {id=a72f7628-f9ff-4665-97ca-0f6f8f220330}]
Capabilities {acceptInsecureCerts: false, browserName: chrome, browserVersion: 106.0.5249.119, chrome: {chromedriverVersion: 106.0.5249.61 (511755355844..., userDataDir: /var/folders/j1/hxv30vzx5_b...}, goog:chromeOptions: {debuggerAddress: localhost:51483}, networkConnectionEnabled: false, pageLoadStrategy: normal, platformName: MAC, proxy: Proxy(), se:cdp: ws://localhost:51483/devtoo..., se:cdpVersion: 106.0.5249.119, setWindowRect: true, strictFileInteractability: false, timeouts: {implicit: 0, pageLoad: 300000, script: 30000}, unhandledPromptBehavior: dismiss and notify, webauthn:extension:credBlob: true, webauthn:extension:largeBlob: true, webauthn:virtualAuthenticators: true}
Element: [[ChromeDriver: chrome on MAC (32f885c5aa5efc61bb431e76ab571cb4)] -&gt; xpath: //button[@data-testid='Button_PrivacySettingsBanner_AcceptAll']]
Session ID: 32f885c5aa5efc61bb431e76ab571cb4
	at farfetch.AddToWishListTest.addToWishList(AddToWishListTest.java:18)
</pre></div></div></td>
<td></td></tr></table></div>
<div class="section">
<h3><a name="LogInTest"></a>LogInTest</h3><a name="farfetch.LogInTest"></a>
<table border="1" class="bodyTable">
<tr class="a">
<td><a href="#farfetch.LogInTest.checkAccount"><img src="images/icon_error_sml.gif" alt="" /></a></td>
<td><a name="TC_farfetch.LogInTest.checkAccount"></a><a href="#farfetch.LogInTest.checkAccount">checkAccount</a>
<div class="detailToggle" style="display:inline"><a href="javascript:toggleDisplay('farfetch.LogInTest.checkAccount');"><span style="display:inline;" id="farfetch.LogInTest.checkAccount-off"> + </span><span style="display:none;" id="farfetch.LogInTest.checkAccount-on"> - </span>[ Detail ]</a></div></td>
<td>30.317</td></tr>
<tr class="b">
<td></td>
<td></td>
<td></td></tr>
<tr class="a">
<td></td>
<td>
<div id="farfetch.LogInTest.checkAccount-error" style="display:none;">
<div>
<pre>org.openqa.selenium.NoSuchElementException: 
no such element: Unable to locate element: {&quot;method&quot;:&quot;xpath&quot;,&quot;selector&quot;:&quot;//button[@aria-label='My account']&quot;}
  (Session info: chrome=106.0.5249.119)
For documentation on this error, please visit: https://selenium.dev/exceptions/#no_such_element
Build info: version: '4.5.2', revision: '702c64f787c'
System info: os.name: 'Mac OS X', os.arch: 'x86_64', os.version: '12.6', java.version: '19'
Driver info: org.openqa.selenium.chrome.ChromeDriver
Command: [75d0b6701ab1356fb7a645bee845e503, findElement {using=xpath, value=//button[@aria-label='My account']}]
Capabilities {acceptInsecureCerts: false, browserName: chrome, browserVersion: 106.0.5249.119, chrome: {chromedriverVersion: 106.0.5249.61 (511755355844..., userDataDir: /var/folders/j1/hxv30vzx5_b...}, goog:chromeOptions: {debuggerAddress: localhost:51629}, networkConnectionEnabled: false, pageLoadStrategy: normal, platformName: MAC, proxy: Proxy(), se:cdp: ws://localhost:51629/devtoo..., se:cdpVersion: 106.0.5249.119, setWindowRect: true, strictFileInteractability: false, timeouts: {implicit: 0, pageLoad: 300000, script: 30000}, unhandledPromptBehavior: dismiss and notify, webauthn:extension:credBlob: true, webauthn:extension:largeBlob: true, webauthn:virtualAuthenticators: true}
Session ID: 75d0b6701ab1356fb7a645bee845e503
	at farfetch.LogInTest.checkAccount(LogInTest.java:35)
</pre></div></div></td>
<td></td></tr>
<tr class="b">
<td><img src="images/icon_success_sml.gif" alt="" /></td>
<td><a name="TC_farfetch.LogInTest.logIn"></a>logIn</td>
<td>19.463</td></tr></table></div>
<div class="section">
<h3><a name="ChangeRegionTest"></a>ChangeRegionTest</h3><a name="farfetch.ChangeRegionTest"></a>
<table border="1" class="bodyTable">
<tr class="a">
<td><img src="images/icon_success_sml.gif" alt="" /></td>
<td><a name="TC_farfetch.ChangeRegionTest.changeRegion"></a>changeRegion</td>
<td>25.711</td></tr></table></div><br /></div>
<div class="section">
<h2><a name="Failure_Details"></a>Failure Details</h2><a name="Failure_Details"></a>
<p>[<a href="#Summary">Summary</a>] [<a href="#Package_List">Package List</a>] [<a href="#Test_Cases">Test Cases</a>]</p><br />
<table border="1" class="bodyTable">
<tr class="a">
<td><img src="images/icon_error_sml.gif" alt="" /></td>
<td><a name="farfetch.AddToWishListTest.addToWishList"></a>addToWishList</td></tr>
<tr class="b">
<td></td>
<td>org.openqa.selenium.ElementClickInterceptedException</td></tr>
<tr class="a">
<td></td>
<td>
<div id="addToWishList-error">farfetch.AddToWishListTest:18</div></td></tr>
<tr class="b">
<td><img src="images/icon_error_sml.gif" alt="" /></td>
<td><a name="farfetch.LogInTest.checkAccount"></a>checkAccount</td></tr>
<tr class="a">
<td></td>
<td>org.openqa.selenium.NoSuchElementException</td></tr>
<tr class="b">
<td></td>
<td>
<div id="checkAccount-error">farfetch.LogInTest:35</div></td></tr></table><br /></div>
      </div>
    </div>
    <div class="clear">
      <hr/>
    </div>
    <div id="footer">
      <div class="xright">
        Copyright &#169;      2022.All rights reserved.      </div>
      <div class="clear">
        <hr/>
      </div>
    </div>
  </body>
</html>
